1554887645370	mozrunner::runner	INFO	Running command: "/Applications/Firefox.app/Contents/MacOS/firefox-bin" "-marionette" "-foreground" "-no-remote" "-profile" "/var/folders/g0/stxywztd1vj1y8fjycjsmkx5w37bqv/T/rust_mozprofile.dEGBpNSLBPKG"
1554887653493	addons.webextension.screenshots@mozilla.org	WARN	Loading extension 'screenshots@mozilla.org': Reading manifest: Invalid extension permission: mozillaAddons
1554887653513	addons.webextension.screenshots@mozilla.org	WARN	Loading extension 'screenshots@mozilla.org': Reading manifest: Invalid extension permission: resource://pdf.js/
1554887653513	addons.webextension.screenshots@mozilla.org	WARN	Loading extension 'screenshots@mozilla.org': Reading manifest: Invalid extension permission: about:reader*
1554887660264	Marionette	INFO	Listening on port 61029
1554887660588	Marionette	WARN	TLS certificate errors will be ignored for this session
1554887671239	Marionette	INFO	Stopped listening on port 61029
1554890272170	mozrunner::runner	INFO	Running command: "/Applications/Firefox.app/Contents/MacOS/firefox-bin" "-marionette" "-foreground" "-no-remote" "-profile" "/var/folders/g0/stxywztd1vj1y8fjycjsmkx5w37bqv/T/rust_mozprofile.0KuLUILcVDSe"
1554890279114	addons.webextension.screenshots@mozilla.org	WARN	Loading extension 'screenshots@mozilla.org': Reading manifest: Invalid extension permission: mozillaAddons
1554890279135	addons.webextension.screenshots@mozilla.org	WARN	Loading extension 'screenshots@mozilla.org': Reading manifest: Invalid extension permission: resource://pdf.js/
1554890279135	addons.webextension.screenshots@mozilla.org	WARN	Loading extension 'screenshots@mozilla.org': Reading manifest: Invalid extension permission: about:reader*
1554890284384	Marionette	INFO	Listening on port 61806
1554890284644	Marionette	WARN	TLS certificate errors will be ignored for this session
1554890286540	Marionette	INFO	Stopped listening on port 61806
1554890797347	mozrunner::runner	INFO	Running command: "/Applications/Firefox.app/Contents/MacOS/firefox-bin" "-marionette" "-foreground" "-no-remote" "-profile" "/var/folders/g0/stxywztd1vj1y8fjycjsmkx5w37bqv/T/rust_mozprofile.nDorFfUSpa0M"
1554890800988	addons.webextension.screenshots@mozilla.org	WARN	Loading extension 'screenshots@mozilla.org': Reading manifest: Invalid extension permission: mozillaAddons
1554890800989	addons.webextension.screenshots@mozilla.org	WARN	Loading extension 'screenshots@mozilla.org': Reading manifest: Invalid extension permission: resource://pdf.js/
1554890800989	addons.webextension.screenshots@mozilla.org	WARN	Loading extension 'screenshots@mozilla.org': Reading manifest: Invalid extension permission: about:reader*
1554890805347	Marionette	INFO	Listening on port 62030
1554890805496	Marionette	WARN	TLS certificate errors will be ignored for this session
1554890806728	Marionette	INFO	Stopped listening on port 62030
JavaScript error: resource://gre/modules/Sqlite.jsm, line 834: Error: Connection is not open.
