1555073510600	mozrunner::runner	INFO	Running command: "/Applications/Firefox.app/Contents/MacOS/firefox-bin" "-marionette" "-foreground" "-no-remote" "-profile" "/var/folders/g0/stxywztd1vj1y8fjycjsmkx5w37bqv/T/rust_mozprofile.DPxakpA8Xr8S"
1555073518025	addons.webextension.screenshots@mozilla.org	WARN	Loading extension 'screenshots@mozilla.org': Reading manifest: Invalid extension permission: mozillaAddons
1555073518025	addons.webextension.screenshots@mozilla.org	WARN	Loading extension 'screenshots@mozilla.org': Reading manifest: Invalid extension permission: resource://pdf.js/
1555073518025	addons.webextension.screenshots@mozilla.org	WARN	Loading extension 'screenshots@mozilla.org': Reading manifest: Invalid extension permission: about:reader*
1555073522827	Marionette	INFO	Listening on port 51196
1555073522986	Marionette	WARN	TLS certificate errors will be ignored for this session
1555073529438	Marionette	INFO	Stopped listening on port 51196
1555073688086	mozrunner::runner	INFO	Running command: "/Applications/Firefox.app/Contents/MacOS/firefox-bin" "-marionette" "-foreground" "-no-remote" "-profile" "/var/folders/g0/stxywztd1vj1y8fjycjsmkx5w37bqv/T/rust_mozprofile.ztT8pijRnByU"
1555073691581	addons.webextension.screenshots@mozilla.org	WARN	Loading extension 'screenshots@mozilla.org': Reading manifest: Invalid extension permission: mozillaAddons
1555073691581	addons.webextension.screenshots@mozilla.org	WARN	Loading extension 'screenshots@mozilla.org': Reading manifest: Invalid extension permission: resource://pdf.js/
1555073691581	addons.webextension.screenshots@mozilla.org	WARN	Loading extension 'screenshots@mozilla.org': Reading manifest: Invalid extension permission: about:reader*
1555073694889	Marionette	INFO	Listening on port 51359
1555073694991	Marionette	WARN	TLS certificate errors will be ignored for this session
1555073701284	Marionette	INFO	Stopped listening on port 51359
1555074352969	mozrunner::runner	INFO	Running command: "/Applications/Firefox.app/Contents/MacOS/firefox-bin" "-marionette" "-foreground" "-no-remote" "-profile" "/var/folders/g0/stxywztd1vj1y8fjycjsmkx5w37bqv/T/rust_mozprofile.5xebWWF1hasO"
1555074356270	addons.webextension.screenshots@mozilla.org	WARN	Loading extension 'screenshots@mozilla.org': Reading manifest: Invalid extension permission: mozillaAddons
1555074356270	addons.webextension.screenshots@mozilla.org	WARN	Loading extension 'screenshots@mozilla.org': Reading manifest: Invalid extension permission: resource://pdf.js/
1555074356270	addons.webextension.screenshots@mozilla.org	WARN	Loading extension 'screenshots@mozilla.org': Reading manifest: Invalid extension permission: about:reader*
1555074360874	Marionette	INFO	Listening on port 51809
1555074361139	Marionette	WARN	TLS certificate errors will be ignored for this session
1555074367413	Marionette	INFO	Stopped listening on port 51809
1555074412481	mozrunner::runner	INFO	Running command: "/Applications/Firefox.app/Contents/MacOS/firefox-bin" "-marionette" "-foreground" "-no-remote" "-profile" "/var/folders/g0/stxywztd1vj1y8fjycjsmkx5w37bqv/T/rust_mozprofile.2ey1siT8QR8M"
1555074414632	addons.webextension.screenshots@mozilla.org	WARN	Loading extension 'screenshots@mozilla.org': Reading manifest: Invalid extension permission: mozillaAddons
1555074414632	addons.webextension.screenshots@mozilla.org	WARN	Loading extension 'screenshots@mozilla.org': Reading manifest: Invalid extension permission: resource://pdf.js/
1555074414632	addons.webextension.screenshots@mozilla.org	WARN	Loading extension 'screenshots@mozilla.org': Reading manifest: Invalid extension permission: about:reader*
1555074417107	Marionette	INFO	Listening on port 51917
1555074417187	Marionette	WARN	TLS certificate errors will be ignored for this session
1555074423713	Marionette	INFO	Stopped listening on port 51917
1555074464571	mozrunner::runner	INFO	Running command: "/Applications/Firefox.app/Contents/MacOS/firefox-bin" "-marionette" "-foreground" "-no-remote" "-profile" "/var/folders/g0/stxywztd1vj1y8fjycjsmkx5w37bqv/T/rust_mozprofile.lKyRO6OSdkOR"
1555074466289	addons.webextension.screenshots@mozilla.org	WARN	Loading extension 'screenshots@mozilla.org': Reading manifest: Invalid extension permission: mozillaAddons
1555074466290	addons.webextension.screenshots@mozilla.org	WARN	Loading extension 'screenshots@mozilla.org': Reading manifest: Invalid extension permission: resource://pdf.js/
1555074466290	addons.webextension.screenshots@mozilla.org	WARN	Loading extension 'screenshots@mozilla.org': Reading manifest: Invalid extension permission: about:reader*
1555074468615	Marionette	INFO	Listening on port 51991
1555074468701	Marionette	WARN	TLS certificate errors will be ignored for this session
1555074474991	Marionette	INFO	Stopped listening on port 51991
1555075573470	mozrunner::runner	INFO	Running command: "/Applications/Firefox.app/Contents/MacOS/firefox-bin" "-marionette" "-foreground" "-no-remote" "-profile" "/var/folders/g0/stxywztd1vj1y8fjycjsmkx5w37bqv/T/rust_mozprofile.X5Uh4KyHxrwp"
1555075575881	addons.webextension.screenshots@mozilla.org	WARN	Loading extension 'screenshots@mozilla.org': Reading manifest: Invalid extension permission: mozillaAddons
1555075575881	addons.webextension.screenshots@mozilla.org	WARN	Loading extension 'screenshots@mozilla.org': Reading manifest: Invalid extension permission: resource://pdf.js/
1555075575881	addons.webextension.screenshots@mozilla.org	WARN	Loading extension 'screenshots@mozilla.org': Reading manifest: Invalid extension permission: about:reader*
1555075579760	Marionette	INFO	Listening on port 52170
1555075579950	Marionette	WARN	TLS certificate errors will be ignored for this session
1555075581235	Marionette	INFO	Stopped listening on port 52170
JavaScript error: resource://gre/modules/Sqlite.jsm, line 834: Error: Connection is not open.
1555075744848	mozrunner::runner	INFO	Running command: "/Applications/Firefox.app/Contents/MacOS/firefox-bin" "-marionette" "-foreground" "-no-remote" "-profile" "/var/folders/g0/stxywztd1vj1y8fjycjsmkx5w37bqv/T/rust_mozprofile.FCrzpUuHzfZ5"
1555075746484	addons.webextension.screenshots@mozilla.org	WARN	Loading extension 'screenshots@mozilla.org': Reading manifest: Invalid extension permission: mozillaAddons
1555075746484	addons.webextension.screenshots@mozilla.org	WARN	Loading extension 'screenshots@mozilla.org': Reading manifest: Invalid extension permission: resource://pdf.js/
1555075746484	addons.webextension.screenshots@mozilla.org	WARN	Loading extension 'screenshots@mozilla.org': Reading manifest: Invalid extension permission: about:reader*
1555075748772	Marionette	INFO	Listening on port 52267
1555075749006	Marionette	WARN	TLS certificate errors will be ignored for this session
1555075750813	Marionette	INFO	Stopped listening on port 52267
JavaScript error: resource://gre/modules/Sqlite.jsm, line 834: Error: Connection is not open.
1555075830871	mozrunner::runner	INFO	Running command: "/Applications/Firefox.app/Contents/MacOS/firefox-bin" "-marionette" "-foreground" "-no-remote" "-profile" "/var/folders/g0/stxywztd1vj1y8fjycjsmkx5w37bqv/T/rust_mozprofile.POTftOfVKUuN"
1555075832468	addons.webextension.screenshots@mozilla.org	WARN	Loading extension 'screenshots@mozilla.org': Reading manifest: Invalid extension permission: mozillaAddons
1555075832468	addons.webextension.screenshots@mozilla.org	WARN	Loading extension 'screenshots@mozilla.org': Reading manifest: Invalid extension permission: resource://pdf.js/
1555075832469	addons.webextension.screenshots@mozilla.org	WARN	Loading extension 'screenshots@mozilla.org': Reading manifest: Invalid extension permission: about:reader*
1555075834832	Marionette	INFO	Listening on port 52326
1555075834925	Marionette	WARN	TLS certificate errors will be ignored for this session
1555075836021	Marionette	INFO	Stopped listening on port 52326
JavaScript error: resource://gre/modules/Sqlite.jsm, line 834: Error: Connection is not open.
1555075843477	mozrunner::runner	INFO	Running command: "/Applications/Firefox.app/Contents/MacOS/firefox-bin" "-marionette" "-foreground" "-no-remote" "-profile" "/var/folders/g0/stxywztd1vj1y8fjycjsmkx5w37bqv/T/rust_mozprofile.ORMMeqRZoHBw"
1555075844701	addons.webextension.screenshots@mozilla.org	WARN	Loading extension 'screenshots@mozilla.org': Reading manifest: Invalid extension permission: mozillaAddons
1555075844702	addons.webextension.screenshots@mozilla.org	WARN	Loading extension 'screenshots@mozilla.org': Reading manifest: Invalid extension permission: resource://pdf.js/
1555075844702	addons.webextension.screenshots@mozilla.org	WARN	Loading extension 'screenshots@mozilla.org': Reading manifest: Invalid extension permission: about:reader*
1555075846944	Marionette	INFO	Listening on port 52381
1555075847029	Marionette	WARN	TLS certificate errors will be ignored for this session
1555075848127	Marionette	INFO	Stopped listening on port 52381
JavaScript error: resource://gre/modules/Sqlite.jsm, line 834: Error: Connection is not open.
1555075851999	mozrunner::runner	INFO	Running command: "/Applications/Firefox.app/Contents/MacOS/firefox-bin" "-marionette" "-foreground" "-no-remote" "-profile" "/var/folders/g0/stxywztd1vj1y8fjycjsmkx5w37bqv/T/rust_mozprofile.iiXRMkhCNkem"
1555075853380	addons.webextension.screenshots@mozilla.org	WARN	Loading extension 'screenshots@mozilla.org': Reading manifest: Invalid extension permission: mozillaAddons
1555075853381	addons.webextension.screenshots@mozilla.org	WARN	Loading extension 'screenshots@mozilla.org': Reading manifest: Invalid extension permission: resource://pdf.js/
1555075853381	addons.webextension.screenshots@mozilla.org	WARN	Loading extension 'screenshots@mozilla.org': Reading manifest: Invalid extension permission: about:reader*
1555075855702	Marionette	INFO	Listening on port 52442
1555075855764	Marionette	WARN	TLS certificate errors will be ignored for this session
1555075856828	Marionette	INFO	Stopped listening on port 52442
JavaScript error: resource://gre/modules/Sqlite.jsm, line 834: Error: Connection is not open.
1555086656047	mozrunner::runner	INFO	Running command: "/Applications/Firefox.app/Contents/MacOS/firefox-bin" "-marionette" "-foreground" "-no-remote" "-profile" "/var/folders/g0/stxywztd1vj1y8fjycjsmkx5w37bqv/T/rust_mozprofile.Gjpnrx3KTWOj"
1555086659055	addons.webextension.screenshots@mozilla.org	WARN	Loading extension 'screenshots@mozilla.org': Reading manifest: Invalid extension permission: mozillaAddons
1555086659056	addons.webextension.screenshots@mozilla.org	WARN	Loading extension 'screenshots@mozilla.org': Reading manifest: Invalid extension permission: resource://pdf.js/
1555086659056	addons.webextension.screenshots@mozilla.org	WARN	Loading extension 'screenshots@mozilla.org': Reading manifest: Invalid extension permission: about:reader*
1555086662730	Marionette	INFO	Listening on port 53389
1555086662800	Marionette	WARN	TLS certificate errors will be ignored for this session
1555086664046	Marionette	INFO	Stopped listening on port 53389
JavaScript error: resource://gre/modules/Sqlite.jsm, line 834: Error: Connection is not open.
1555086855416	mozrunner::runner	INFO	Running command: "/Applications/Firefox.app/Contents/MacOS/firefox-bin" "-marionette" "-foreground" "-no-remote" "-profile" "/var/folders/g0/stxywztd1vj1y8fjycjsmkx5w37bqv/T/rust_mozprofile.WI0zhk7U6HJC"
1555086858005	addons.webextension.screenshots@mozilla.org	WARN	Loading extension 'screenshots@mozilla.org': Reading manifest: Invalid extension permission: mozillaAddons
1555086858005	addons.webextension.screenshots@mozilla.org	WARN	Loading extension 'screenshots@mozilla.org': Reading manifest: Invalid extension permission: resource://pdf.js/
1555086858006	addons.webextension.screenshots@mozilla.org	WARN	Loading extension 'screenshots@mozilla.org': Reading manifest: Invalid extension permission: about:reader*
1555086861261	Marionette	INFO	Listening on port 53583
1555086861485	Marionette	WARN	TLS certificate errors will be ignored for this session
1555086877444	mozrunner::runner	INFO	Running command: "/Applications/Firefox.app/Contents/MacOS/firefox-bin" "-marionette" "-foreground" "-no-remote" "-profile" "/var/folders/g0/stxywztd1vj1y8fjycjsmkx5w37bqv/T/rust_mozprofile.zloFTgnPedYr"
1555086881640	addons.webextension.screenshots@mozilla.org	WARN	Loading extension 'screenshots@mozilla.org': Reading manifest: Invalid extension permission: mozillaAddons
1555086881651	addons.webextension.screenshots@mozilla.org	WARN	Loading extension 'screenshots@mozilla.org': Reading manifest: Invalid extension permission: resource://pdf.js/
1555086881652	addons.webextension.screenshots@mozilla.org	WARN	Loading extension 'screenshots@mozilla.org': Reading manifest: Invalid extension permission: about:reader*
1555086884385	Marionette	INFO	Listening on port 53667
1555086884446	Marionette	WARN	TLS certificate errors will be ignored for this session
1555086897766	mozrunner::runner	INFO	Running command: "/Applications/Firefox.app/Contents/MacOS/firefox-bin" "-marionette" "-foreground" "-no-remote" "-profile" "/var/folders/g0/stxywztd1vj1y8fjycjsmkx5w37bqv/T/rust_mozprofile.bFnQdlSFz5A2"
1555086899925	addons.webextension.screenshots@mozilla.org	WARN	Loading extension 'screenshots@mozilla.org': Reading manifest: Invalid extension permission: mozillaAddons
1555086899925	addons.webextension.screenshots@mozilla.org	WARN	Loading extension 'screenshots@mozilla.org': Reading manifest: Invalid extension permission: resource://pdf.js/
1555086899926	addons.webextension.screenshots@mozilla.org	WARN	Loading extension 'screenshots@mozilla.org': Reading manifest: Invalid extension permission: about:reader*
1555086902394	Marionette	INFO	Listening on port 53766
1555086902489	Marionette	WARN	TLS certificate errors will be ignored for this session
1555087006539	mozrunner::runner	INFO	Running command: "/Applications/Firefox.app/Contents/MacOS/firefox-bin" "-marionette" "-foreground" "-no-remote" "-profile" "/var/folders/g0/stxywztd1vj1y8fjycjsmkx5w37bqv/T/rust_mozprofile.tEED2mWOafaD"
1555087010101	addons.webextension.screenshots@mozilla.org	WARN	Loading extension 'screenshots@mozilla.org': Reading manifest: Invalid extension permission: mozillaAddons
1555087010112	addons.webextension.screenshots@mozilla.org	WARN	Loading extension 'screenshots@mozilla.org': Reading manifest: Invalid extension permission: resource://pdf.js/
1555087010112	addons.webextension.screenshots@mozilla.org	WARN	Loading extension 'screenshots@mozilla.org': Reading manifest: Invalid extension permission: about:reader*
1555087013978	Marionette	INFO	Listening on port 53879
1555087014209	Marionette	WARN	TLS certificate errors will be ignored for this session
1555087016583	Marionette	INFO	Stopped listening on port 53879
JavaScript error: resource://gre/modules/Sqlite.jsm, line 834: Error: Connection is not open.
1555087087415	Marionette	INFO	Stopped listening on port 53583
1555087092781	Marionette	INFO	Stopped listening on port 53667
1555087094771	Marionette	INFO	Stopped listening on port 53766
1556181091922	mozrunner::runner	INFO	Running command: "/Applications/Firefox.app/Contents/MacOS/firefox-bin" "-marionette" "-foreground" "-no-remote" "-profile" "/var/folders/g0/stxywztd1vj1y8fjycjsmkx5w37bqv/T/rust_mozprofile.N5BOxiY8iXEa"
1556181095422	addons.webextension.screenshots@mozilla.org	WARN	Loading extension 'screenshots@mozilla.org': Reading manifest: Invalid extension permission: mozillaAddons
1556181095423	addons.webextension.screenshots@mozilla.org	WARN	Loading extension 'screenshots@mozilla.org': Reading manifest: Invalid extension permission: resource://pdf.js/
1556181095423	addons.webextension.screenshots@mozilla.org	WARN	Loading extension 'screenshots@mozilla.org': Reading manifest: Invalid extension permission: about:reader*
1556181107555	Marionette	INFO	Listening on port 49589
1556181107849	Marionette	WARN	TLS certificate errors will be ignored for this session
1556181113081	Marionette	INFO	Stopped listening on port 49589
1556181468378	mozrunner::runner	INFO	Running command: "/Applications/Firefox.app/Contents/MacOS/firefox-bin" "-marionette" "-foreground" "-no-remote" "-profile" "/var/folders/g0/stxywztd1vj1y8fjycjsmkx5w37bqv/T/rust_mozprofile.l3rrLk8ee34u"
1556181470966	addons.webextension.screenshots@mozilla.org	WARN	Loading extension 'screenshots@mozilla.org': Reading manifest: Invalid extension permission: mozillaAddons
1556181470967	addons.webextension.screenshots@mozilla.org	WARN	Loading extension 'screenshots@mozilla.org': Reading manifest: Invalid extension permission: resource://pdf.js/
1556181470967	addons.webextension.screenshots@mozilla.org	WARN	Loading extension 'screenshots@mozilla.org': Reading manifest: Invalid extension permission: about:reader*
1556181473659	Marionette	INFO	Listening on port 49848
1556181473715	Marionette	WARN	TLS certificate errors will be ignored for this session
1556181474858	Marionette	INFO	Stopped listening on port 49848
1556191159198	mozrunner::runner	INFO	Running command: "/Applications/Firefox.app/Contents/MacOS/firefox-bin" "-marionette" "-foreground" "-no-remote" "-profile" "/var/folders/g0/stxywztd1vj1y8fjycjsmkx5w37bqv/T/rust_mozprofile.FmIdHwkPEhun"
1556191162729	addons.webextension.screenshots@mozilla.org	WARN	Loading extension 'screenshots@mozilla.org': Reading manifest: Invalid extension permission: mozillaAddons
1556191162730	addons.webextension.screenshots@mozilla.org	WARN	Loading extension 'screenshots@mozilla.org': Reading manifest: Invalid extension permission: resource://pdf.js/
1556191162730	addons.webextension.screenshots@mozilla.org	WARN	Loading extension 'screenshots@mozilla.org': Reading manifest: Invalid extension permission: about:reader*
1556191166354	Marionette	INFO	Listening on port 52769
1556191166484	Marionette	WARN	TLS certificate errors will be ignored for this session
1556191167611	Marionette	INFO	Stopped listening on port 52769
JavaScript error: resource://gre/modules/Sqlite.jsm, line 834: Error: Connection is not open.
1556203607515	mozrunner::runner	INFO	Running command: "/Applications/Firefox.app/Contents/MacOS/firefox-bin" "-marionette" "-foreground" "-no-remote" "-profile" "/var/folders/g0/stxywztd1vj1y8fjycjsmkx5w37bqv/T/rust_mozprofile.17bAvLNX8qtq"
1556203610841	addons.webextension.screenshots@mozilla.org	WARN	Loading extension 'screenshots@mozilla.org': Reading manifest: Invalid extension permission: mozillaAddons
1556203610841	addons.webextension.screenshots@mozilla.org	WARN	Loading extension 'screenshots@mozilla.org': Reading manifest: Invalid extension permission: resource://pdf.js/
1556203610841	addons.webextension.screenshots@mozilla.org	WARN	Loading extension 'screenshots@mozilla.org': Reading manifest: Invalid extension permission: about:reader*
1556203614373	Marionette	INFO	Listening on port 54848
1556203614480	Marionette	WARN	TLS certificate errors will be ignored for this session
1556203615576	Marionette	INFO	Stopped listening on port 54848
JavaScript error: resource://gre/modules/Sqlite.jsm, line 834: Error: Connection is not open.
1556204282221	mozrunner::runner	INFO	Running command: "/Applications/Firefox.app/Contents/MacOS/firefox-bin" "-marionette" "-foreground" "-no-remote" "-profile" "/var/folders/g0/stxywztd1vj1y8fjycjsmkx5w37bqv/T/rust_mozprofile.FJt5QdAC6pNB"
1556204284837	addons.webextension.screenshots@mozilla.org	WARN	Loading extension 'screenshots@mozilla.org': Reading manifest: Invalid extension permission: mozillaAddons
1556204284837	addons.webextension.screenshots@mozilla.org	WARN	Loading extension 'screenshots@mozilla.org': Reading manifest: Invalid extension permission: resource://pdf.js/
1556204284838	addons.webextension.screenshots@mozilla.org	WARN	Loading extension 'screenshots@mozilla.org': Reading manifest: Invalid extension permission: about:reader*
1556204288580	Marionette	INFO	Listening on port 57806
1556204288664	Marionette	WARN	TLS certificate errors will be ignored for this session
1556204289882	Marionette	INFO	Stopped listening on port 57806
JavaScript error: resource://gre/modules/Sqlite.jsm, line 834: Error: Connection is not open.
1556204461577	mozrunner::runner	INFO	Running command: "/Applications/Firefox.app/Contents/MacOS/firefox-bin" "-marionette" "-foreground" "-no-remote" "-profile" "/var/folders/g0/stxywztd1vj1y8fjycjsmkx5w37bqv/T/rust_mozprofile.lddI97SkEa7b"
1556204463750	addons.webextension.screenshots@mozilla.org	WARN	Loading extension 'screenshots@mozilla.org': Reading manifest: Invalid extension permission: mozillaAddons
1556204463750	addons.webextension.screenshots@mozilla.org	WARN	Loading extension 'screenshots@mozilla.org': Reading manifest: Invalid extension permission: resource://pdf.js/
1556204463750	addons.webextension.screenshots@mozilla.org	WARN	Loading extension 'screenshots@mozilla.org': Reading manifest: Invalid extension permission: about:reader*
1556204466798	Marionette	INFO	Listening on port 58650
1556204466904	Marionette	WARN	TLS certificate errors will be ignored for this session
1556204468107	Marionette	INFO	Stopped listening on port 58650
JavaScript error: resource://gre/modules/Sqlite.jsm, line 834: Error: Connection is not open.
1556204517200	mozrunner::runner	INFO	Running command: "/Applications/Firefox.app/Contents/MacOS/firefox-bin" "-marionette" "-foreground" "-no-remote" "-profile" "/var/folders/g0/stxywztd1vj1y8fjycjsmkx5w37bqv/T/rust_mozprofile.86doowt3njAz"
1556204519221	addons.webextension.screenshots@mozilla.org	WARN	Loading extension 'screenshots@mozilla.org': Reading manifest: Invalid extension permission: mozillaAddons
1556204519222	addons.webextension.screenshots@mozilla.org	WARN	Loading extension 'screenshots@mozilla.org': Reading manifest: Invalid extension permission: resource://pdf.js/
1556204519222	addons.webextension.screenshots@mozilla.org	WARN	Loading extension 'screenshots@mozilla.org': Reading manifest: Invalid extension permission: about:reader*
1556204521465	Marionette	INFO	Listening on port 58951
1556204521486	Marionette	WARN	TLS certificate errors will be ignored for this session
1556204522638	Marionette	INFO	Stopped listening on port 58951
JavaScript error: resource://gre/modules/Sqlite.jsm, line 834: Error: Connection is not open.
1556268421586	mozrunner::runner	INFO	Running command: "/Applications/Firefox.app/Contents/MacOS/firefox-bin" "-marionette" "-foreground" "-no-remote" "-profile" "/var/folders/g0/stxywztd1vj1y8fjycjsmkx5w37bqv/T/rust_mozprofile.haetyb5FhF6B"
1556268425270	addons.webextension.screenshots@mozilla.org	WARN	Loading extension 'screenshots@mozilla.org': Reading manifest: Invalid extension permission: mozillaAddons
1556268425271	addons.webextension.screenshots@mozilla.org	WARN	Loading extension 'screenshots@mozilla.org': Reading manifest: Invalid extension permission: resource://pdf.js/
1556268425271	addons.webextension.screenshots@mozilla.org	WARN	Loading extension 'screenshots@mozilla.org': Reading manifest: Invalid extension permission: about:reader*
1556268436916	Marionette	INFO	Listening on port 49674
1556268437451	Marionette	WARN	TLS certificate errors will be ignored for this session
1556268442231	Marionette	INFO	Stopped listening on port 49674
1556270824997	mozrunner::runner	INFO	Running command: "/Applications/Firefox.app/Contents/MacOS/firefox-bin" "-marionette" "-foreground" "-no-remote" "-profile" "/var/folders/g0/stxywztd1vj1y8fjycjsmkx5w37bqv/T/rust_mozprofile.Xe5e0Prdl26a"
1556270833275	addons.webextension.screenshots@mozilla.org	WARN	Loading extension 'screenshots@mozilla.org': Reading manifest: Invalid extension permission: mozillaAddons
1556270833323	addons.webextension.screenshots@mozilla.org	WARN	Loading extension 'screenshots@mozilla.org': Reading manifest: Invalid extension permission: resource://pdf.js/
1556270833323	addons.webextension.screenshots@mozilla.org	WARN	Loading extension 'screenshots@mozilla.org': Reading manifest: Invalid extension permission: about:reader*
1556270848688	Marionette	INFO	Listening on port 50725
1556270849027	Marionette	WARN	TLS certificate errors will be ignored for this session
1556270853560	Marionette	INFO	Stopped listening on port 50725
1556618901110	mozrunner::runner	INFO	Running command: "/Applications/Firefox.app/Contents/MacOS/firefox-bin" "-marionette" "-foreground" "-no-remote" "-profile" "/var/folders/g0/stxywztd1vj1y8fjycjsmkx5w37bqv/T/rust_mozprofile.1MiJPEJCRjGX"
1556618905713	addons.webextension.screenshots@mozilla.org	WARN	Loading extension 'screenshots@mozilla.org': Reading manifest: Invalid extension permission: mozillaAddons
1556618905714	addons.webextension.screenshots@mozilla.org	WARN	Loading extension 'screenshots@mozilla.org': Reading manifest: Invalid extension permission: resource://pdf.js/
1556618905714	addons.webextension.screenshots@mozilla.org	WARN	Loading extension 'screenshots@mozilla.org': Reading manifest: Invalid extension permission: about:reader*
1556618921675	Marionette	INFO	Listening on port 50593
1556618922233	Marionette	WARN	TLS certificate errors will be ignored for this session
1556618926951	Marionette	INFO	Stopped listening on port 50593
1556619416297	mozrunner::runner	INFO	Running command: "/Applications/Firefox.app/Contents/MacOS/firefox-bin" "-marionette" "-foreground" "-no-remote" "-profile" "/var/folders/g0/stxywztd1vj1y8fjycjsmkx5w37bqv/T/rust_mozprofile.ARu8husbe512"
1556619418656	addons.webextension.screenshots@mozilla.org	WARN	Loading extension 'screenshots@mozilla.org': Reading manifest: Invalid extension permission: mozillaAddons
1556619418656	addons.webextension.screenshots@mozilla.org	WARN	Loading extension 'screenshots@mozilla.org': Reading manifest: Invalid extension permission: resource://pdf.js/
1556619418656	addons.webextension.screenshots@mozilla.org	WARN	Loading extension 'screenshots@mozilla.org': Reading manifest: Invalid extension permission: about:reader*
1556619421843	Marionette	INFO	Listening on port 50989
1556619421948	Marionette	WARN	TLS certificate errors will be ignored for this session
1556619422968	Marionette	INFO	Stopped listening on port 50989
JavaScript error: resource://gre/modules/Sqlite.jsm, line 834: Error: Connection is not open.
1556620954763	mozrunner::runner	INFO	Running command: "/Applications/Firefox.app/Contents/MacOS/firefox-bin" "-marionette" "-foreground" "-no-remote" "-profile" "/var/folders/g0/stxywztd1vj1y8fjycjsmkx5w37bqv/T/rust_mozprofile.cNiHhUJmdmhk"
1556620958228	addons.webextension.screenshots@mozilla.org	WARN	Loading extension 'screenshots@mozilla.org': Reading manifest: Invalid extension permission: mozillaAddons
1556620958228	addons.webextension.screenshots@mozilla.org	WARN	Loading extension 'screenshots@mozilla.org': Reading manifest: Invalid extension permission: resource://pdf.js/
1556620958228	addons.webextension.screenshots@mozilla.org	WARN	Loading extension 'screenshots@mozilla.org': Reading manifest: Invalid extension permission: about:reader*
1556620966035	Marionette	INFO	Listening on port 51559
1556620966423	Marionette	WARN	TLS certificate errors will be ignored for this session
1556620970653	Marionette	INFO	Stopped listening on port 51559
1556621062358	mozrunner::runner	INFO	Running command: "/Applications/Firefox.app/Contents/MacOS/firefox-bin" "-marionette" "-foreground" "-no-remote" "-profile" "/var/folders/g0/stxywztd1vj1y8fjycjsmkx5w37bqv/T/rust_mozprofile.McIrdaDyypJg"
1556621064575	addons.webextension.screenshots@mozilla.org	WARN	Loading extension 'screenshots@mozilla.org': Reading manifest: Invalid extension permission: mozillaAddons
1556621064576	addons.webextension.screenshots@mozilla.org	WARN	Loading extension 'screenshots@mozilla.org': Reading manifest: Invalid extension permission: resource://pdf.js/
1556621064576	addons.webextension.screenshots@mozilla.org	WARN	Loading extension 'screenshots@mozilla.org': Reading manifest: Invalid extension permission: about:reader*
1556621066672	Marionette	INFO	Listening on port 51729
1556621066746	Marionette	WARN	TLS certificate errors will be ignored for this session
1556621068351	Marionette	INFO	Stopped listening on port 51729
JavaScript error: resource://gre/modules/Sqlite.jsm, line 834: Error: Connection is not open.
1556625388048	mozrunner::runner	INFO	Running command: "/Applications/Firefox.app/Contents/MacOS/firefox-bin" "-marionette" "-foreground" "-no-remote" "-profile" "/var/folders/g0/stxywztd1vj1y8fjycjsmkx5w37bqv/T/rust_mozprofile.9KS8lU85Xb37"
1556625392385	addons.webextension.screenshots@mozilla.org	WARN	Loading extension 'screenshots@mozilla.org': Reading manifest: Invalid extension permission: mozillaAddons
1556625392385	addons.webextension.screenshots@mozilla.org	WARN	Loading extension 'screenshots@mozilla.org': Reading manifest: Invalid extension permission: resource://pdf.js/
1556625392385	addons.webextension.screenshots@mozilla.org	WARN	Loading extension 'screenshots@mozilla.org': Reading manifest: Invalid extension permission: about:reader*
1556625401757	Marionette	INFO	Listening on port 51389
1556625402175	Marionette	WARN	TLS certificate errors will be ignored for this session
1556625406176	Marionette	INFO	Stopped listening on port 51389
1556625924252	mozrunner::runner	INFO	Running command: "/Applications/Firefox.app/Contents/MacOS/firefox-bin" "-marionette" "-foreground" "-no-remote" "-profile" "/var/folders/g0/stxywztd1vj1y8fjycjsmkx5w37bqv/T/rust_mozprofile.jOyFFGPcs0Sx"
1556625927506	addons.webextension.screenshots@mozilla.org	WARN	Loading extension 'screenshots@mozilla.org': Reading manifest: Invalid extension permission: mozillaAddons
1556625927507	addons.webextension.screenshots@mozilla.org	WARN	Loading extension 'screenshots@mozilla.org': Reading manifest: Invalid extension permission: resource://pdf.js/
1556625927507	addons.webextension.screenshots@mozilla.org	WARN	Loading extension 'screenshots@mozilla.org': Reading manifest: Invalid extension permission: about:reader*
1556625936205	Marionette	INFO	Listening on port 53795
1556625936875	Marionette	WARN	TLS certificate errors will be ignored for this session
1556625941163	Marionette	INFO	Stopped listening on port 53795
1556625952635	mozrunner::runner	INFO	Running command: "/Applications/Firefox.app/Contents/MacOS/firefox-bin" "-marionette" "-foreground" "-no-remote" "-profile" "/var/folders/g0/stxywztd1vj1y8fjycjsmkx5w37bqv/T/rust_mozprofile.QGGcqvgOt175"
1556625954971	addons.webextension.screenshots@mozilla.org	WARN	Loading extension 'screenshots@mozilla.org': Reading manifest: Invalid extension permission: mozillaAddons
1556625954971	addons.webextension.screenshots@mozilla.org	WARN	Loading extension 'screenshots@mozilla.org': Reading manifest: Invalid extension permission: resource://pdf.js/
1556625954971	addons.webextension.screenshots@mozilla.org	WARN	Loading extension 'screenshots@mozilla.org': Reading manifest: Invalid extension permission: about:reader*
1556625956961	Marionette	INFO	Listening on port 54085
1556625957014	Marionette	WARN	TLS certificate errors will be ignored for this session
1556625958181	Marionette	INFO	Stopped listening on port 54085
JavaScript error: resource://gre/modules/Sqlite.jsm, line 834: Error: Connection is not open.
1556626650384	mozrunner::runner	INFO	Running command: "/Applications/Firefox.app/Contents/MacOS/firefox-bin" "-marionette" "-foreground" "-no-remote" "-profile" "/var/folders/g0/stxywztd1vj1y8fjycjsmkx5w37bqv/T/rust_mozprofile.7JitNOdGhNlB"
1556626653104	addons.webextension.screenshots@mozilla.org	WARN	Loading extension 'screenshots@mozilla.org': Reading manifest: Invalid extension permission: mozillaAddons
1556626653105	addons.webextension.screenshots@mozilla.org	WARN	Loading extension 'screenshots@mozilla.org': Reading manifest: Invalid extension permission: resource://pdf.js/
1556626653105	addons.webextension.screenshots@mozilla.org	WARN	Loading extension 'screenshots@mozilla.org': Reading manifest: Invalid extension permission: about:reader*
1556626655982	Marionette	INFO	Listening on port 57031
1556626656029	Marionette	WARN	TLS certificate errors will be ignored for this session
1556626657406	Marionette	INFO	Stopped listening on port 57031
JavaScript error: resource://gre/modules/Sqlite.jsm, line 834: Error: Connection is not open.
1556626675906	mozrunner::runner	INFO	Running command: "/Applications/Firefox.app/Contents/MacOS/firefox-bin" "-marionette" "-foreground" "-no-remote" "-profile" "/var/folders/g0/stxywztd1vj1y8fjycjsmkx5w37bqv/T/rust_mozprofile.84clf25GfZUq"
1556626677911	addons.webextension.screenshots@mozilla.org	WARN	Loading extension 'screenshots@mozilla.org': Reading manifest: Invalid extension permission: mozillaAddons
1556626677912	addons.webextension.screenshots@mozilla.org	WARN	Loading extension 'screenshots@mozilla.org': Reading manifest: Invalid extension permission: resource://pdf.js/
1556626677912	addons.webextension.screenshots@mozilla.org	WARN	Loading extension 'screenshots@mozilla.org': Reading manifest: Invalid extension permission: about:reader*
1556626679817	Marionette	INFO	Listening on port 57211
1556626679880	Marionette	WARN	TLS certificate errors will be ignored for this session
1556626680918	Marionette	INFO	Stopped listening on port 57211
JavaScript error: resource://gre/modules/Sqlite.jsm, line 834: Error: Connection is not open.
1556626759636	mozrunner::runner	INFO	Running command: "/Applications/Firefox.app/Contents/MacOS/firefox-bin" "-marionette" "-foreground" "-no-remote" "-profile" "/var/folders/g0/stxywztd1vj1y8fjycjsmkx5w37bqv/T/rust_mozprofile.iF8df5KK5SmC"
1556626760382	addons.webextension.screenshots@mozilla.org	WARN	Loading extension 'screenshots@mozilla.org': Reading manifest: Invalid extension permission: mozillaAddons
1556626760383	addons.webextension.screenshots@mozilla.org	WARN	Loading extension 'screenshots@mozilla.org': Reading manifest: Invalid extension permission: resource://pdf.js/
1556626760383	addons.webextension.screenshots@mozilla.org	WARN	Loading extension 'screenshots@mozilla.org': Reading manifest: Invalid extension permission: about:reader*
1556626762273	Marionette	INFO	Listening on port 57666
1556626762351	Marionette	WARN	TLS certificate errors will be ignored for this session
1556626763394	Marionette	INFO	Stopped listening on port 57666
JavaScript error: resource://gre/modules/Sqlite.jsm, line 834: Error: Connection is not open.
1556628417577	mozrunner::runner	INFO	Running command: "/Applications/Firefox.app/Contents/MacOS/firefox-bin" "-marionette" "-foreground" "-no-remote" "-profile" "/var/folders/g0/stxywztd1vj1y8fjycjsmkx5w37bqv/T/rust_mozprofile.1wRLOyNH7c2L"
1556628420505	addons.webextension.screenshots@mozilla.org	WARN	Loading extension 'screenshots@mozilla.org': Reading manifest: Invalid extension permission: mozillaAddons
1556628420506	addons.webextension.screenshots@mozilla.org	WARN	Loading extension 'screenshots@mozilla.org': Reading manifest: Invalid extension permission: resource://pdf.js/
1556628420506	addons.webextension.screenshots@mozilla.org	WARN	Loading extension 'screenshots@mozilla.org': Reading manifest: Invalid extension permission: about:reader*
1556628428678	Marionette	INFO	Listening on port 64692
1556628429224	Marionette	WARN	TLS certificate errors will be ignored for this session
1556628433949	Marionette	INFO	Stopped listening on port 64692
1556628630729	mozrunner::runner	INFO	Running command: "/Applications/Firefox.app/Contents/MacOS/firefox-bin" "-marionette" "-foreground" "-no-remote" "-profile" "/var/folders/g0/stxywztd1vj1y8fjycjsmkx5w37bqv/T/rust_mozprofile.4ZxAfKPKNWMm"
1556628634136	addons.webextension.screenshots@mozilla.org	WARN	Loading extension 'screenshots@mozilla.org': Reading manifest: Invalid extension permission: mozillaAddons
1556628634136	addons.webextension.screenshots@mozilla.org	WARN	Loading extension 'screenshots@mozilla.org': Reading manifest: Invalid extension permission: resource://pdf.js/
1556628634137	addons.webextension.screenshots@mozilla.org	WARN	Loading extension 'screenshots@mozilla.org': Reading manifest: Invalid extension permission: about:reader*
1556628636286	Marionette	INFO	Listening on port 49314
1556628636378	Marionette	WARN	TLS certificate errors will be ignored for this session
1556628637479	Marionette	INFO	Stopped listening on port 49314
JavaScript error: resource://gre/modules/Sqlite.jsm, line 834: Error: Connection is not open.
